INSTR_ACCESS_FAULT：translation_logic/rv_iommu_msiptw.sv (L228)、flat_cause_n = rv_iommu::INSTR_ACCESS_FAULT;
LOAD_PAGE_FAULT：translation_logic/ptw/rv_iommu_ptw_sv39x4_pc.sv (L751)、else            cause_code_o = rv_iommu::LOAD_PAGE_FAULT;
LOAD_PAGE_FAULT：translation_logic/ptw/copy_rv_iommu_ptw_sv39x4_pc.sv (L751)、else            cause_code_o = rv_iommu::LOAD_PAGE_FAULT;
LOAD_PAGE_FAULT：translation_logic/ptw/rv_iommu_ptw_sv39x4.sv (L687)、else            cause_code_o = rv_iommu::LOAD_PAGE_FAULT;
LOAD_PAGE_FAULT：translation_logic/wrapper/rv_iommu_tw_sv39x4.sv (L835)、else            wrap_cause_code = rv_iommu::LOAD_PAGE_FAULT;
LOAD_PAGE_FAULT：translation_logic/wrapper/rv_iommu_tw_sv39x4_pc.sv (L980)、else            wrap_cause_code = rv_iommu::LOAD_PAGE_FAULT;
STORE_PAGE_FAULT：translation_logic/ptw/rv_iommu_ptw_sv39x4_pc.sv (L750)、if (is_store_i) cause_code_o = rv_iommu::STORE_PAGE_FAULT;
STORE_PAGE_FAULT：translation_logic/ptw/copy_rv_iommu_ptw_sv39x4_pc.sv (L750)、if (is_store_i) cause_code_o = rv_iommu::STORE_PAGE_FAULT;
STORE_PAGE_FAULT：translation_logic/ptw/rv_iommu_ptw_sv39x4.sv (L686)、if (is_store_i) cause_code_o = rv_iommu::STORE_PAGE_FAULT;
STORE_PAGE_FAULT：translation_logic/wrapper/rv_iommu_tw_sv39x4.sv (L834)、if (is_store)   wrap_cause_code = rv_iommu::STORE_PAGE_FAULT;
STORE_PAGE_FAULT：translation_logic/wrapper/rv_iommu_tw_sv39x4_pc.sv (L979)、if (is_store)   wrap_cause_code = rv_iommu::STORE_PAGE_FAULT;
LOAD_GUEST_PAGE_FAULT：translation_logic/ptw/rv_iommu_ptw_sv39x4_pc.sv (L747)、else            cause_code_o = rv_iommu::LOAD_GUEST_PAGE_FAULT;
LOAD_GUEST_PAGE_FAULT：translation_logic/ptw/copy_rv_iommu_ptw_sv39x4_pc.sv (L747)、else            cause_code_o = rv_iommu::LOAD_GUEST_PAGE_FAULT;
LOAD_GUEST_PAGE_FAULT：translation_logic/ptw/rv_iommu_ptw_sv39x4.sv (L683)、else            cause_code_o = rv_iommu::LOAD_GUEST_PAGE_FAULT;
LOAD_GUEST_PAGE_FAULT：translation_logic/wrapper/rv_iommu_tw_sv39x4.sv (L844)、else            wrap_cause_code = rv_iommu::LOAD_GUEST_PAGE_FAULT;
LOAD_GUEST_PAGE_FAULT：translation_logic/wrapper/rv_iommu_tw_sv39x4_pc.sv (L989)、else            wrap_cause_code = rv_iommu::LOAD_GUEST_PAGE_FAULT;
STORE_GUEST_PAGE_FAULT：translation_logic/ptw/rv_iommu_ptw_sv39x4_pc.sv (L746)、if (is_store_i) cause_code_o = rv_iommu::STORE_GUEST_PAGE_FAULT;
STORE_GUEST_PAGE_FAULT：translation_logic/ptw/copy_rv_iommu_ptw_sv39x4_pc.sv (L746)、if (is_store_i) cause_code_o = rv_iommu::STORE_GUEST_PAGE_FAULT;
STORE_GUEST_PAGE_FAULT：translation_logic/ptw/rv_iommu_ptw_sv39x4.sv (L682)、if (is_store_i) cause_code_o = rv_iommu::STORE_GUEST_PAGE_FAULT;
STORE_GUEST_PAGE_FAULT：translation_logic/wrapper/rv_iommu_tw_sv39x4.sv (L843)、if (is_store)   wrap_cause_code = rv_iommu::STORE_GUEST_PAGE_FAULT;
STORE_GUEST_PAGE_FAULT：translation_logic/wrapper/rv_iommu_tw_sv39x4_pc.sv (L988)、if (is_store)   wrap_cause_code = rv_iommu::STORE_GUEST_PAGE_FAULT;
ALL_INB_TRANSACTIONS_DISALLOWED：translation_logic/wrapper/rv_iommu_tw_sv39x4.sv (L740)、wrap_cause_code = rv_iommu::ALL_INB_TRANSACTIONS_DISALLOWED;
ALL_INB_TRANSACTIONS_DISALLOWED：translation_logic/wrapper/rv_iommu_tw_sv39x4_pc.sv (L843)、wrap_cause_code    = rv_iommu::ALL_INB_TRANSACTIONS_DISALLOWED;
DDT_ENTRY_INVALID：translation_logic/cdw/rv_iommu_cdw.sv (L314)、cause_n = rv_iommu::DDT_ENTRY_INVALID;
DDT_ENTRY_INVALID：translation_logic/cdw/rv_iommu_cdw.sv (L378)、cause_n         = rv_iommu::DDT_ENTRY_INVALID;
DDT_ENTRY_INVALID：translation_logic/cdw/rv_iommu_cdw_pc.sv (L410)、if (is_ddt_walk_q) cause_n = rv_iommu::DDT_ENTRY_INVALID;
DDT_ENTRY_INVALID：translation_logic/cdw/rv_iommu_cdw_pc.sv (L537)、cause_n = rv_iommu::DDT_ENTRY_INVALID;
DDT_ENTRY_MISCONFIGURED：translation_logic/cdw/rv_iommu_cdw.sv (L343)、cause_n = rv_iommu::DDT_ENTRY_MISCONFIGURED;
DDT_ENTRY_MISCONFIGURED：translation_logic/cdw/rv_iommu_cdw.sv (L400)、cause_n         = rv_iommu::DDT_ENTRY_MISCONFIGURED;
DDT_ENTRY_MISCONFIGURED：translation_logic/cdw/rv_iommu_cdw.sv (L419)、cause_n         = rv_iommu::DDT_ENTRY_MISCONFIGURED;
DDT_ENTRY_MISCONFIGURED：translation_logic/cdw/rv_iommu_cdw.sv (L432)、cause_n         = rv_iommu::DDT_ENTRY_MISCONFIGURED;
DDT_ENTRY_MISCONFIGURED：translation_logic/cdw/rv_iommu_cdw.sv (L453)、cause_n = rv_iommu::DDT_ENTRY_MISCONFIGURED;
DDT_ENTRY_MISCONFIGURED：translation_logic/cdw/rv_iommu_cdw.sv (L466)、cause_n = rv_iommu::DDT_ENTRY_MISCONFIGURED;
DDT_ENTRY_MISCONFIGURED：translation_logic/cdw/rv_iommu_cdw_pc.sv (L418)、if (is_ddt_walk_q) cause_n = rv_iommu::DDT_ENTRY_MISCONFIGURED;
DDT_ENTRY_MISCONFIGURED：translation_logic/cdw/rv_iommu_cdw_pc.sv (L551)、cause_n = rv_iommu::DDT_ENTRY_MISCONFIGURED;
DDT_ENTRY_MISCONFIGURED：translation_logic/cdw/rv_iommu_cdw_pc.sv (L569)、cause_n = rv_iommu::DDT_ENTRY_MISCONFIGURED;
DDT_ENTRY_MISCONFIGURED：translation_logic/cdw/rv_iommu_cdw_pc.sv (L581)、cause_n = rv_iommu::DDT_ENTRY_MISCONFIGURED;
DDT_ENTRY_MISCONFIGURED：translation_logic/cdw/rv_iommu_cdw_pc.sv (L608)、cause_n         = rv_iommu::DDT_ENTRY_MISCONFIGURED;
DDT_ENTRY_MISCONFIGURED：translation_logic/cdw/rv_iommu_cdw_pc.sv (L631)、cause_n = rv_iommu::DDT_ENTRY_MISCONFIGURED;
TRANS_TYPE_DISALLOWED：translation_logic/cdw/rv_iommu_cdw.sv (L382)、// If inclPC == 0 and dc.tc.pdtv == 1, stop and report "TRANS_TYPE_DISALLOWED"
TRANS_TYPE_DISALLOWED：translation_logic/cdw/rv_iommu_cdw.sv (L385)、cause_n         = rv_iommu::TRANS_TYPE_DISALLOWED;
TRANS_TYPE_DISALLOWED：translation_logic/wrapper/rv_iommu_tw_sv39x4.sv (L750)、wrap_cause_code = rv_iommu::TRANS_TYPE_DISALLOWED;
TRANS_TYPE_DISALLOWED：translation_logic/wrapper/rv_iommu_tw_sv39x4.sv (L764)、wrap_cause_code = rv_iommu::TRANS_TYPE_DISALLOWED;
TRANS_TYPE_DISALLOWED：translation_logic/wrapper/rv_iommu_tw_sv39x4.sv (L781)、wrap_cause_code = rv_iommu::TRANS_TYPE_DISALLOWED;
TRANS_TYPE_DISALLOWED：translation_logic/wrapper/rv_iommu_tw_sv39x4.sv (L919)、wrap_cause_code = rv_iommu::TRANS_TYPE_DISALLOWED;
TRANS_TYPE_DISALLOWED：translation_logic/wrapper/rv_iommu_tw_sv39x4_pc.sv (L853)、wrap_cause_code    = rv_iommu::TRANS_TYPE_DISALLOWED;
TRANS_TYPE_DISALLOWED：translation_logic/wrapper/rv_iommu_tw_sv39x4_pc.sv (L867)、wrap_cause_code = rv_iommu::TRANS_TYPE_DISALLOWED;
TRANS_TYPE_DISALLOWED：translation_logic/wrapper/rv_iommu_tw_sv39x4_pc.sv (L886)、wrap_cause_code  = rv_iommu::TRANS_TYPE_DISALLOWED;
TRANS_TYPE_DISALLOWED：translation_logic/wrapper/rv_iommu_tw_sv39x4_pc.sv (L947)、wrap_cause_code    = rv_iommu::TRANS_TYPE_DISALLOWED;
TRANS_TYPE_DISALLOWED：translation_logic/wrapper/rv_iommu_tw_sv39x4_pc.sv (L1065)、wrap_cause_code = rv_iommu::TRANS_TYPE_DISALLOWED;
MSI_PTE_INVALID：translation_logic/rv_iommu_msiptw.sv (L299)、flat_cause_n = rv_iommu::MSI_PTE_INVALID;
MSI_PTE_MISCONFIGURED：translation_logic/rv_iommu_msiptw.sv (L328)、flat_cause_n = rv_iommu::MSI_PTE_MISCONFIGURED;
MSI_PTE_MISCONFIGURED：translation_logic/rv_iommu_msiptw.sv (L339)、flat_cause_n = rv_iommu::MSI_PTE_MISCONFIGURED;
MSI_PTE_MISCONFIGURED：translation_logic/rv_iommu_msiptw.sv (L353)、flat_cause_n = rv_iommu::MSI_PTE_MISCONFIGURED;
MSI_PTE_MISCONFIGURED：translation_logic/rv_iommu_msiptw.sv (L472)、mrif_cause_n        = rv_iommu::MSI_PTE_MISCONFIGURED;
MSI_PTE_MISCONFIGURED：translation_logic/rv_iommu_msiptw.sv (L499)、mrif_cause_n = rv_iommu::MSI_PTE_MISCONFIGURED;
PDT_ENTRY_INVALID：translation_logic/cdw/rv_iommu_cdw_pc.sv (L411)、else cause_n = rv_iommu::PDT_ENTRY_INVALID;
PDT_ENTRY_INVALID：translation_logic/cdw/rv_iommu_cdw_pc.sv (L500)、cause_n         = rv_iommu::PDT_ENTRY_INVALID;
PDT_ENTRY_INVALID：translation_logic/cdw/rv_iommu_cdw_pc.sv (L659)、cause_n = rv_iommu::PDT_ENTRY_INVALID;
PDT_ENTRY_MISCONFIGURED：translation_logic/cdw/rv_iommu_cdw_pc.sv (L419)、else cause_n = rv_iommu::PDT_ENTRY_MISCONFIGURED;
PDT_ENTRY_MISCONFIGURED：translation_logic/cdw/rv_iommu_cdw_pc.sv (L507)、cause_n         = rv_iommu::PDT_ENTRY_MISCONFIGURED;
PDT_ENTRY_MISCONFIGURED：translation_logic/cdw/rv_iommu_cdw_pc.sv (L524)、cause_n = rv_iommu::PDT_ENTRY_MISCONFIGURED;
PDT_ENTRY_MISCONFIGURED：translation_logic/cdw/rv_iommu_cdw_pc.sv (L666)、cause_n = rv_iommu::PDT_ENTRY_MISCONFIGURED;
DDT_DATA_CORRUPTION：translation_logic/cdw/rv_iommu_cdw.sv (L500)、cause_n = rv_iommu::DDT_DATA_CORRUPTION;
DDT_DATA_CORRUPTION：translation_logic/cdw/rv_iommu_cdw_pc.sv (L716)、if (is_ddt_walk_q) cause_n = rv_iommu::DDT_DATA_CORRUPTION;
PDT_DATA_CORRUPTION：translation_logic/cdw/rv_iommu_cdw_pc.sv (L717)、else cause_n = rv_iommu::PDT_DATA_CORRUPTION;
MSI_PT_DATA_CORRUPTION：translation_logic/rv_iommu_msiptw.sv (L305)、flat_cause_n = rv_iommu::MSI_PT_DATA_CORRUPTION;
MSI_PT_DATA_CORRUPTION：translation_logic/rv_iommu_msiptw.sv (L530)、mrif_cause_n        = rv_iommu::MSI_PT_DATA_CORRUPTION;
MSI_PT_DATA_CORRUPTION：translation_logic/rv_iommu_mrif_handler.sv (L107)、assign cause_o  = rv_iommu::MSI_PT_DATA_CORRUPTION;
MSI_ST_ACCESS_FAULT：translation_logic/wrapper/rv_iommu_tw_sv39x4.sv (L940)、msi_write_error_i:  cause_code_o = rv_iommu::MSI_ST_ACCESS_FAULT;
MSI_ST_ACCESS_FAULT：translation_logic/wrapper/rv_iommu_tw_sv39x4_pc.sv (L1086)、msi_write_error_i:  cause_code_o = rv_iommu::MSI_ST_ACCESS_FAULT;
PT_DATA_CORRUPTION：translation_logic/ptw/rv_iommu_ptw_sv39x4_pc.sv (L724)、cause_n = rv_iommu::PT_DATA_CORRUPTION;
PT_DATA_CORRUPTION：translation_logic/ptw/copy_rv_iommu_ptw_sv39x4_pc.sv (L724)、cause_n = rv_iommu::PT_DATA_CORRUPTION;
PT_DATA_CORRUPTION：translation_logic/ptw/rv_iommu_ptw_sv39x4.sv (L661)、cause_n = rv_iommu::PT_DATA_CORRUPTION;
